[0.896s] Invoking command in '/home/vboxuser/ros2_ws/build/my_robot_controller': PYTHONPATH=/home/vboxuser/ros2_ws/build/my_robot_controller/prefix_override:/home/vboxuser/ros2_ws/install/my_robot_controller/lib/python3.10/site-packages:${PYTHONPATH} /usr/bin/python3 -W ignore:setup.py install is deprecated setup.py develop --editable --build-directory /home/vboxuser/ros2_ws/build/my_robot_controller/build --no-deps symlink_data
[1.221s] running develop
[1.228s] /usr/lib/python3/dist-packages/setuptools/command/easy_install.py:158: EasyInstallDeprecationWarning: easy_install command is deprecated. Use build and pip and other standards-based tools.
[1.229s]   warnings.warn(
[1.411s] running egg_info
[1.411s] writing my_robot_controller.egg-info/PKG-INFO
[1.413s] writing dependency_links to my_robot_controller.egg-info/dependency_links.txt
[1.414s] writing entry points to my_robot_controller.egg-info/entry_points.txt
[1.414s] writing requirements to my_robot_controller.egg-info/requires.txt
[1.415s] writing top-level names to my_robot_controller.egg-info/top_level.txt
[1.417s] reading manifest file 'my_robot_controller.egg-info/SOURCES.txt'
[1.419s] writing manifest file 'my_robot_controller.egg-info/SOURCES.txt'
[1.421s] running build_ext
[1.421s] Creating /home/vboxuser/ros2_ws/install/my_robot_controller/lib/python3.10/site-packages/my-robot-controller.egg-link (link to .)
[1.423s] Installing draw_cricle script to /home/vboxuser/ros2_ws/install/my_robot_controller/lib/my_robot_controller
[1.423s] Installing pose_subscriber script to /home/vboxuser/ros2_ws/install/my_robot_controller/lib/my_robot_controller
[1.423s] Installing test_node script to /home/vboxuser/ros2_ws/install/my_robot_controller/lib/my_robot_controller
[1.423s] 
[1.423s] Installed /home/vboxuser/ros2_ws/build/my_robot_controller
[1.424s] running symlink_data
[1.470s] Invoked command in '/home/vboxuser/ros2_ws/build/my_robot_controller' returned '0': PYTHONPATH=/home/vboxuser/ros2_ws/build/my_robot_controller/prefix_override:/home/vboxuser/ros2_ws/install/my_robot_controller/lib/python3.10/site-packages:${PYTHONPATH} /usr/bin/python3 -W ignore:setup.py install is deprecated setup.py develop --editable --build-directory /home/vboxuser/ros2_ws/build/my_robot_controller/build --no-deps symlink_data
