[0.787s] Invoking command in '/home/vboxuser/ros2_ws/src/my_robot_controller': PYTHONPATH=/home/vboxuser/ros2_ws/build/my_robot_controller/prefix_override:/home/vboxuser/ros2_ws/install/my_robot_controller/lib/python3.10/site-packages:${PYTHONPATH} /usr/bin/python3 -W ignore:setup.py install is deprecated setup.py egg_info --egg-base ../../build/my_robot_controller build --build-base /home/vboxuser/ros2_ws/build/my_robot_controller/build install --record /home/vboxuser/ros2_ws/build/my_robot_controller/install.log --single-version-externally-managed install_data
[1.025s] running egg_info
[1.026s] creating ../../build/my_robot_controller/my_robot_controller.egg-info
[1.027s] writing ../../build/my_robot_controller/my_robot_controller.egg-info/PKG-INFO
[1.027s] writing dependency_links to ../../build/my_robot_controller/my_robot_controller.egg-info/dependency_links.txt
[1.028s] writing entry points to ../../build/my_robot_controller/my_robot_controller.egg-info/entry_points.txt
[1.028s] writing requirements to ../../build/my_robot_controller/my_robot_controller.egg-info/requires.txt
[1.028s] writing top-level names to ../../build/my_robot_controller/my_robot_controller.egg-info/top_level.txt
[1.029s] writing manifest file '../../build/my_robot_controller/my_robot_controller.egg-info/SOURCES.txt'
[1.030s] reading manifest file '../../build/my_robot_controller/my_robot_controller.egg-info/SOURCES.txt'
[1.031s] writing manifest file '../../build/my_robot_controller/my_robot_controller.egg-info/SOURCES.txt'
[1.032s] running build
[1.032s] running build_py
[1.032s] creating /home/vboxuser/ros2_ws/build/my_robot_controller/build
[1.032s] creating /home/vboxuser/ros2_ws/build/my_robot_controller/build/lib
[1.032s] creating /home/vboxuser/ros2_ws/build/my_robot_controller/build/lib/my_robot_controller
[1.032s] copying my_robot_controller/__init__.py -> /home/vboxuser/ros2_ws/build/my_robot_controller/build/lib/my_robot_controller
[1.033s] copying my_robot_controller/my_first_node.py -> /home/vboxuser/ros2_ws/build/my_robot_controller/build/lib/my_robot_controller
[1.033s] running install
[1.033s] running install_lib
[1.034s] creating /home/vboxuser/ros2_ws/install/my_robot_controller/lib/python3.10/site-packages/my_robot_controller
[1.034s] copying /home/vboxuser/ros2_ws/build/my_robot_controller/build/lib/my_robot_controller/__init__.py -> /home/vboxuser/ros2_ws/install/my_robot_controller/lib/python3.10/site-packages/my_robot_controller
[1.035s] copying /home/vboxuser/ros2_ws/build/my_robot_controller/build/lib/my_robot_controller/my_first_node.py -> /home/vboxuser/ros2_ws/install/my_robot_controller/lib/python3.10/site-packages/my_robot_controller
[1.035s] byte-compiling /home/vboxuser/ros2_ws/install/my_robot_controller/lib/python3.10/site-packages/my_robot_controller/__init__.py to __init__.cpython-310.pyc
[1.036s] byte-compiling /home/vboxuser/ros2_ws/install/my_robot_controller/lib/python3.10/site-packages/my_robot_controller/my_first_node.py to my_first_node.cpython-310.pyc
[1.036s] running install_data
[1.036s] creating /home/vboxuser/ros2_ws/install/my_robot_controller/share/ament_index
[1.036s] creating /home/vboxuser/ros2_ws/install/my_robot_controller/share/ament_index/resource_index
[1.036s] creating /home/vboxuser/ros2_ws/install/my_robot_controller/share/ament_index/resource_index/packages
[1.037s] copying resource/my_robot_controller -> /home/vboxuser/ros2_ws/install/my_robot_controller/share/ament_index/resource_index/packages
[1.037s] copying package.xml -> /home/vboxuser/ros2_ws/install/my_robot_controller/share/my_robot_controller
[1.037s] running install_egg_info
[1.038s] Copying ../../build/my_robot_controller/my_robot_controller.egg-info to /home/vboxuser/ros2_ws/install/my_robot_controller/lib/python3.10/site-packages/my_robot_controller-0.0.0-py3.10.egg-info
[1.039s] running install_scripts
[1.062s] Installing test_node script to /home/vboxuser/ros2_ws/install/my_robot_controller/lib/my_robot_controller
[1.062s] writing list of installed files to '/home/vboxuser/ros2_ws/build/my_robot_controller/install.log'
[1.097s] Invoked command in '/home/vboxuser/ros2_ws/src/my_robot_controller' returned '0': PYTHONPATH=/home/vboxuser/ros2_ws/build/my_robot_controller/prefix_override:/home/vboxuser/ros2_ws/install/my_robot_controller/lib/python3.10/site-packages:${PYTHONPATH} /usr/bin/python3 -W ignore:setup.py install is deprecated setup.py egg_info --egg-base ../../build/my_robot_controller build --build-base /home/vboxuser/ros2_ws/build/my_robot_controller/build install --record /home/vboxuser/ros2_ws/build/my_robot_controller/install.log --single-version-externally-managed install_data
