[1.113s] Invoking command in '/home/vboxuser/ros2_ws/build/my_robot_controller': PYTHONPATH=/home/vboxuser/ros2_ws/build/my_robot_controller/prefix_override:/home/vboxuser/ros2_ws/install/my_robot_controller/lib/python3.10/site-packages:${PYTHONPATH} /usr/bin/python3 -W ignore:setup.py install is deprecated setup.py develop --editable --build-directory /home/vboxuser/ros2_ws/build/my_robot_controller/build --no-deps symlink_data
[1.486s] running develop
[1.493s] /usr/lib/python3/dist-packages/setuptools/command/easy_install.py:158: EasyInstallDeprecationWarning: easy_install command is deprecated. Use build and pip and other standards-based tools.
[1.493s]   warnings.warn(
[1.726s] running egg_info
[1.727s] writing my_robot_controller.egg-info/PKG-INFO
[1.728s] writing dependency_links to my_robot_controller.egg-info/dependency_links.txt
[1.730s] writing entry points to my_robot_controller.egg-info/entry_points.txt
[1.731s] writing requirements to my_robot_controller.egg-info/requires.txt
[1.732s] writing top-level names to my_robot_controller.egg-info/top_level.txt
[1.735s] reading manifest file 'my_robot_controller.egg-info/SOURCES.txt'
[1.738s] writing manifest file 'my_robot_controller.egg-info/SOURCES.txt'
[1.741s] running build_ext
[1.741s] Creating /home/vboxuser/ros2_ws/install/my_robot_controller/lib/python3.10/site-packages/my-robot-controller.egg-link (link to .)
[1.744s] Installing draw_cricle script to /home/vboxuser/ros2_ws/install/my_robot_controller/lib/my_robot_controller
[1.746s] Installing test_node script to /home/vboxuser/ros2_ws/install/my_robot_controller/lib/my_robot_controller
[1.746s] 
[1.746s] Installed /home/vboxuser/ros2_ws/build/my_robot_controller
[1.748s] running symlink_data
[1.793s] Invoked command in '/home/vboxuser/ros2_ws/build/my_robot_controller' returned '0': PYTHONPATH=/home/vboxuser/ros2_ws/build/my_robot_controller/prefix_override:/home/vboxuser/ros2_ws/install/my_robot_controller/lib/python3.10/site-packages:${PYTHONPATH} /usr/bin/python3 -W ignore:setup.py install is deprecated setup.py develop --editable --build-directory /home/vboxuser/ros2_ws/build/my_robot_controller/build --no-deps symlink_data
