[0.764s] Invoking command in '/home/vboxuser/ros2_ws/build/my_robot_controller': PYTHONPATH=/home/vboxuser/ros2_ws/build/my_robot_controller/prefix_override:/home/vboxuser/ros2_ws/install/my_robot_controller/lib/python3.10/site-packages:${PYTHONPATH} /usr/bin/python3 -W ignore:setup.py install is deprecated setup.py develop --editable --build-directory /home/vboxuser/ros2_ws/build/my_robot_controller/build --no-deps symlink_data
[1.100s] running develop
[1.111s] /usr/lib/python3/dist-packages/setuptools/command/easy_install.py:158: EasyInstallDeprecationWarning: easy_install command is deprecated. Use build and pip and other standards-based tools.
[1.112s]   warnings.warn(
[1.363s] running egg_info
[1.363s] writing my_robot_controller.egg-info/PKG-INFO
[1.364s] writing dependency_links to my_robot_controller.egg-info/dependency_links.txt
[1.364s] writing entry points to my_robot_controller.egg-info/entry_points.txt
[1.364s] writing requirements to my_robot_controller.egg-info/requires.txt
[1.365s] writing top-level names to my_robot_controller.egg-info/top_level.txt
[1.369s] reading manifest file 'my_robot_controller.egg-info/SOURCES.txt'
[1.373s] writing manifest file 'my_robot_controller.egg-info/SOURCES.txt'
[1.375s] running build_ext
[1.376s] Creating /home/vboxuser/ros2_ws/install/my_robot_controller/lib/python3.10/site-packages/my-robot-controller.egg-link (link to .)
[1.379s] Installing draw_cricle script to /home/vboxuser/ros2_ws/install/my_robot_controller/lib/my_robot_controller
[1.379s] Installing pose_subscriber script to /home/vboxuser/ros2_ws/install/my_robot_controller/lib/my_robot_controller
[1.380s] Installing test_node script to /home/vboxuser/ros2_ws/install/my_robot_controller/lib/my_robot_controller
[1.380s] Installing turtle_controller script to /home/vboxuser/ros2_ws/install/my_robot_controller/lib/my_robot_controller
[1.380s] 
[1.380s] Installed /home/vboxuser/ros2_ws/build/my_robot_controller
[1.380s] running symlink_data
[1.429s] Invoked command in '/home/vboxuser/ros2_ws/build/my_robot_controller' returned '0': PYTHONPATH=/home/vboxuser/ros2_ws/build/my_robot_controller/prefix_override:/home/vboxuser/ros2_ws/install/my_robot_controller/lib/python3.10/site-packages:${PYTHONPATH} /usr/bin/python3 -W ignore:setup.py install is deprecated setup.py develop --editable --build-directory /home/vboxuser/ros2_ws/build/my_robot_controller/build --no-deps symlink_data
